#
# A fatal error has been detected by the Java Runtime Environment:
#
#  Internal Error (os_windows_x86.cpp:114), pid=3076, tid=816
#  Error: guarantee(result == -1,"Unexpected result from topLevelExceptionFilter")
#
# JRE version: 6.0_17-b04
# Java VM: Java HotSpot(TM) 64-Bit Server VM (14.3-b01 mixed mode windows-amd64 )
# If you would like to submit a bug report, please visit:
#   http://java.sun.com/webapps/bugreport/crash.jsp
# The crash happened outside the Java Virtual Machine in native code.
# See problematic frame for where to report the bug.
#

---------------  T H R E A D  ---------------

Current thread (0x0000000005aff800):  JavaThread "main" [_thread_in_native, id=816, stack(0x0000000000220000,0x0000000004220000)]

Stack: [0x0000000000220000,0x0000000004220000]
[error occurred during error reporting (printing stack bounds), id 0xc0000005]

Java frames: (J=compiled Java code, j=interpreted, Vv=VM code)
j  com.mathworks.jmi.NativeMatlab.ProcessPendingEvents()Z+0
j  com.mathworks.jmi.NativeMatlab.processPendingEvents()Z+8
j  com.mathworks.jmi.Matlab$ProcessPendingEvents.callBooleanMethod(Ljava/lang/Object;)Z+0
j  com.mathworks.util.FactoryUtils.processPendingEvents()Z+12
j  com.mathworks.widgets.desk.Desktop.canClose()Z+38
j  com.mathworks.mde.desk.MLDesktop.canClose()Z+113
j  com.mathworks.mde.desk.MLDesktop$2.call()Ljava/lang/Boolean;+4
j  com.mathworks.mde.desk.MLDesktop$2.call()Ljava/lang/Object;+1
j  com.mathworks.jmi.Matlab.isOkToExit()Z+54
v  ~StubRoutines::call_stub
j  com.mathworks.jmi.NativeMatlab.SendMatlabMessage(Ljava/lang/Object;)Ljava/lang/Object;+0
j  com.mathworks.jmi.NativeMatlab.sendMatlabMessage(Ljava/lang/Object;)Ljava/lang/Object;+22
j  com.mathworks.jmi.MatlabLooper.sendMatlabMessage(Lcom/mathworks/services/message/MWMessage;)Ljava/lang/Object;+20
j  com.mathworks.jmi.Matlab.mtFevalConsoleOutput(Ljava/lang/String;[Ljava/lang/Object;I)Ljava/lang/Object;+58
j  com.mathworks.mde.desk.MLDesktop$8.run()V+14
j  com.mathworks.jmi.NativeMatlab.dispatchMTRequests(Z)V+57
v  ~StubRoutines::call_stub

---------------  P R O C E S S  ---------------

Java Threads: ( => current thread )
  0x000000000f346800 JavaThread "Active Reference Queue Daemon" daemon [_thread_blocked, id=3472, stack(0x00000000600a0000,0x0000000060120000)]
  0x000000000f34d000 JavaThread "Timer-176" daemon [_thread_blocked, id=5504, stack(0x000000005df60000,0x000000005dfe0000)]
  0x000000000f34e000 JavaThread "Prefs Updater" daemon [_thread_blocked, id=5884, stack(0x000000001d190000,0x000000001d210000)]
  0x000000000f34b000 JavaThread "pool-4-thread-1" [_thread_blocked, id=5960, stack(0x000000005d280000,0x000000005d300000)]
  0x000000000f345000 JavaThread "Timer-150" [_thread_blocked, id=6016, stack(0x0000000008880000,0x0000000008900000)]
  0x000000000f34f800 JavaThread "Swing-Shell" daemon [_thread_blocked, id=3488, stack(0x0000000008630000,0x00000000086b0000)]
  0x000000000f34e800 JavaThread "Timer-9" daemon [_thread_blocked, id=5460, stack(0x000000005db90000,0x000000005dc10000)]
  0x000000000f34b800 JavaThread "Explorer NavigationContext request queue" [_thread_blocked, id=1356, stack(0x000000005d960000,0x000000005d9e0000)]
  0x000000000f34a800 JavaThread "AddressBar directory emptiness poller" [_thread_blocked, id=4916, stack(0x000000005d570000,0x000000005d5f0000)]
  0x000000000f349800 JavaThread "Explorer Refresh Service 1964261414" [_thread_blocked, id=5860, stack(0x000000005d4b0000,0x000000005d530000)]
  0x000000000f346000 JavaThread "Timer-1" daemon [_thread_blocked, id=4752, stack(0x0000000059ee0000,0x0000000059f60000)]
  0x000000000f344800 JavaThread "TimerQueue" daemon [_thread_blocked, id=5100, stack(0x000000000fee0000,0x000000000ff60000)]
  0x000000000f344000 JavaThread "Thread-5" daemon [_thread_blocked, id=4716, stack(0x0000000010e60000,0x0000000010ee0000)]
  0x000000000f343000 JavaThread "AWT-EventQueue-0" [_thread_blocked, id=5052, stack(0x000000001d210000,0x000000001d290000)]
  0x000000000f342800 JavaThread "AWT-Shutdown" [_thread_blocked, id=692, stack(0x000000000fbe0000,0x000000000fc60000)]
  0x000000000f341800 JavaThread "FelixPackageAdmin" daemon [_thread_blocked, id=6076, stack(0x00000000190b0000,0x0000000019130000)]
  0x0000000059690000 JavaThread "FelixStartLevel" daemon [_thread_blocked, id=6036, stack(0x0000000010ee0000,0x0000000010f60000)]
  0x000000005961e000 JavaThread "FelixDispatchQueue" daemon [_thread_blocked, id=6084, stack(0x000000000ff60000,0x000000000ffe0000)]
  0x000000005939b000 JavaThread "com.google.common.base.internal.Finalizer" daemon [_thread_blocked, id=5984, stack(0x000000000fb30000,0x000000000fbb0000)]
  0x00000000591fe800 JavaThread "AWT-Windows" daemon [_thread_in_native, id=2496, stack(0x000000000f740000,0x000000000f7c0000)]
  0x000000000e6ba000 JavaThread "Java2D Disposer" daemon [_thread_blocked, id=3848, stack(0x000000000f810000,0x000000000f890000)]
  0x0000000058fd0800 JavaThread "Timer-0" [_thread_blocked, id=4236, stack(0x000000000e800000,0x000000000e880000)]
  0x000000000f6bf000 JavaThread "EventMgr Dispatcher" daemon [_thread_in_native, id=5568, stack(0x0000000008d00000,0x000000000cd00000)]
  0x000000000e714000 JavaThread "Low Memory Detector" daemon [_thread_blocked, id=5352, stack(0x000000000ea40000,0x000000000eac0000)]
  0x000000000e6c2000 JavaThread "CompilerThread1" daemon [_thread_blocked, id=5964, stack(0x0000000064940000,0x0000000068940000)]
  0x000000000e6bd800 JavaThread "CompilerThread0" daemon [_thread_blocked, id=3984, stack(0x0000000054e10000,0x0000000058e10000)]
  0x000000000e6bc800 JavaThread "Attach Listener" daemon [_thread_blocked, id=5952, stack(0x000000000e970000,0x000000000e9f0000)]
  0x000000000e6a8800 JavaThread "Finalizer" daemon [_thread_blocked, id=1016, stack(0x000000000e8e0000,0x000000000e960000)]
  0x000000000e6a2000 JavaThread "Reference Handler" daemon [_thread_blocked, id=3636, stack(0x000000000dba0000,0x000000000dc20000)]
=>0x0000000005aff800 JavaThread "main" [_thread_in_native, id=816, stack(0x0000000000220000,0x0000000004220000)]

Other Threads:
  0x0000000005bfd000 VMThread [stack: 0x0000000050c60000,0x0000000054c60000] [id=5872]
  0x000000000e73f800 WatcherThread [stack: 0x0000000068ac0000,0x000000006cac0000] [id=4156]

VM state:not at safepoint (normal execution)

VM Mutex/Monitor currently owned by a thread: None

Heap
 PSYoungGen      total 14656K, used 3482K [0x000000003d760000, 0x000000003e760000, 0x0000000040860000)
  eden space 12928K, 18% used [0x000000003d760000,0x000000003d9c0f78,0x000000003e400000)
  from space 1728K, 60% used [0x000000003e5b0000,0x000000003e6b5a38,0x000000003e760000)
  to   space 1728K, 0% used [0x000000003e400000,0x000000003e400000,0x000000003e5b0000)
 PSOldGen        total 80704K, used 64188K [0x0000000034460000, 0x0000000039330000, 0x000000003d760000)
  object space 80704K, 79% used [0x0000000034460000,0x000000003830f200,0x0000000039330000)
 PSPermGen       total 126208K, used 66859K [0x000000002c460000, 0x0000000033fa0000, 0x0000000034460000)
  object space 126208K, 52% used [0x000000002c460000,0x00000000305aac28,0x0000000033fa0000)

Dynamic libraries:
0x000000013f600000 - 0x000000013f62d000 	D:\Program Files\MATLAB\R2012b\bin\win64\MATLAB.exe
0x0000000076d50000 - 0x0000000076ef9000 	C:\Windows\SYSTEM32\ntdll.dll
0x0000000076b30000 - 0x0000000076c4f000 	C:\Windows\system32\kernel32.dll
0x000007fefce00000 - 0x000007fefce6c000 	C:\Windows\system32\KERNELBASE.dll
0x0000000074460000 - 0x000000007451f000 	D:\Program Files\MATLAB\R2012b\bin\win64\libut.dll
0x00000000758a0000 - 0x000000007595c000 	D:\Program Files\MATLAB\R2012b\bin\win64\libmwi18n.dll
0x0000000180000000 - 0x000000018000b000 	D:\Program Files\MATLAB\R2012b\bin\win64\libmwresource_core.dll
0x000000005c890000 - 0x000000005c963000 	C:\Windows\WinSxS\amd64_microsoft.vc90.crt_1fc8b3b9a1e18e3b_9.0.30729.6161_none_08e61857a83bc251\MSVCP90.dll
0x000000005c7e0000 - 0x000000005c883000 	C:\Windows\WinSxS\amd64_microsoft.vc90.crt_1fc8b3b9a1e18e3b_9.0.30729.6161_none_08e61857a83bc251\MSVCR90.dll
0x000000007a170000 - 0x000000007a19c000 	D:\Program Files\MATLAB\R2012b\bin\win64\boost_filesystem-vc90-mt-1_44.dll
0x000000007a560000 - 0x000000007a569000 	D:\Program Files\MATLAB\R2012b\bin\win64\boost_system-vc90-mt-1_44.dll
0x000007fefe4c0000 - 0x000007fefe59b000 	C:\Windows\system32\ADVAPI32.dll
0x000007fefe5a0000 - 0x000007fefe63f000 	C:\Windows\system32\msvcrt.dll
0x000007feff040000 - 0x000007feff05f000 	C:\Windows\SYSTEM32\sechost.dll
0x000007fefd160000 - 0x000007fefd28d000 	C:\Windows\system32\RPCRT4.dll
0x000000007a010000 - 0x000000007a035000 	D:\Program Files\MATLAB\R2012b\bin\win64\LIBEXPAT.dll
0x000000005c5e0000 - 0x000000005c7d1000 	D:\Program Files\MATLAB\R2012b\bin\win64\icuin44.dll
0x000000005c460000 - 0x000000005c5d1000 	D:\Program Files\MATLAB\R2012b\bin\win64\icuuc44.dll
0x0000000010000000 - 0x0000000010e41000 	D:\Program Files\MATLAB\R2012b\bin\win64\icudt44.dll
0x0000000073f70000 - 0x000000007411d000 	D:\Program Files\MATLAB\R2012b\bin\win64\libmwfl.dll
0x00000000044f0000 - 0x00000000048a6000 	D:\Program Files\MATLAB\R2012b\bin\win64\libmwMATLAB_res.dll
0x000000007a3b0000 - 0x000000007a3c0000 	D:\Program Files\MATLAB\R2012b\bin\win64\boost_date_time-vc90-mt-1_44.dll
0x000000007a250000 - 0x000000007a263000 	D:\Program Files\MATLAB\R2012b\bin\win64\boost_signals-vc90-mt-1_44.dll
0x000000007a2d0000 - 0x000000007a2e2000 	D:\Program Files\MATLAB\R2012b\bin\win64\boost_thread-vc90-mt-1_44.dll
0x0000000004220000 - 0x00000000042dd000 	D:\Program Files\MATLAB\R2012b\bin\win64\boost_log-vc90-mt-1_44.dll
0x0000000076f10000 - 0x0000000076f17000 	C:\Windows\system32\PSAPI.DLL
0x000007fefd330000 - 0x000007fefd37d000 	C:\Windows\system32\WS2_32.dll
0x000007feff030000 - 0x000007feff038000 	C:\Windows\system32\NSI.dll
0x00000000001a0000 - 0x00000000001e6000 	D:\Program Files\MATLAB\R2012b\bin\win64\tbb.dll
0x000007fefee80000 - 0x000007fefee99000 	C:\Windows\system32\imagehlp.dll
0x000000005d730000 - 0x000000005d743000 	D:\Program Files\MATLAB\R2012b\bin\win64\icuio44.dll
0x000007feef8d0000 - 0x000007feef9f5000 	C:\Windows\system32\dbghelp.dll
0x0000000076c50000 - 0x0000000076d4a000 	C:\Windows\system32\USER32.dll
0x000007fefefc0000 - 0x000007feff027000 	C:\Windows\system32\GDI32.dll
0x000007fefe880000 - 0x000007fefe88e000 	C:\Windows\system32\LPK.dll
0x000007fefe3c0000 - 0x000007fefe489000 	C:\Windows\system32\USP10.dll
0x00000000048b0000 - 0x0000000004b8c000 	D:\Program Files\MATLAB\R2012b\bin\win64\libmwservices.dll
0x0000000075a20000 - 0x0000000075af3000 	D:\Program Files\MATLAB\R2012b\bin\win64\libmx.dll
0x00000000042f0000 - 0x0000000004319000 	D:\Program Files\MATLAB\R2012b\bin\win64\tbbmalloc.dll
0x000000007a210000 - 0x000000007a228000 	D:\Program Files\MATLAB\R2012b\bin\win64\zlib1.dll
0x0000000004340000 - 0x000000000438d000 	D:\Program Files\MATLAB\R2012b\bin\win64\libmwregexp.dll
0x00000000043a0000 - 0x00000000043c3000 	D:\Program Files\MATLAB\R2012b\bin\win64\libmwmfl_scalar.dll
0x0000000075f10000 - 0x0000000075f60000 	D:\Program Files\MATLAB\R2012b\bin\win64\mpath.dll
0x000000007b680000 - 0x000000007bc9a000 	D:\Program Files\MATLAB\R2012b\bin\win64\mlutil.dll
0x00000000754d0000 - 0x0000000075551000 	D:\Program Files\MATLAB\R2012b\bin\win64\xmlcore.dll
0x0000000004bb0000 - 0x0000000004e03000 	D:\Program Files\MATLAB\R2012b\bin\win64\xerces-c_2_7.dll
0x0000000004e20000 - 0x0000000004e40000 	D:\Program Files\MATLAB\R2012b\bin\win64\libmwMATLAB_settings_res.dll
0x0000000004e50000 - 0x0000000004e60000 	D:\Program Files\MATLAB\R2012b\bin\win64\boost_iostreams-vc90-mt-1_44.dll
0x0000000004e70000 - 0x0000000004eb7000 	D:\Program Files\MATLAB\R2012b\bin\win64\boost_serialization-vc90-mt-1_44.dll
0x000007fefd380000 - 0x000007fefe108000 	C:\Windows\system32\SHELL32.dll
0x000007fefef40000 - 0x000007fefefb1000 	C:\Windows\system32\SHLWAPI.dll
0x000007fef93d0000 - 0x000007fef9470000 	C:\Windows\WinSxS\amd64_microsoft.windows.common-controls_6595b64144ccf1df_5.82.7601.18201_none_a4d3b9377117c3df\COMCTL32.dll
0x000007fefd290000 - 0x000007fefd327000 	C:\Windows\system32\COMDLG32.dll
0x000007fef9ae0000 - 0x000007fef9af6000 	C:\Windows\system32\NETAPI32.dll
0x000007fef9ad0000 - 0x000007fef9adc000 	C:\Windows\system32\netutils.dll
0x000007fefc830000 - 0x000007fefc853000 	C:\Windows\system32\srvcli.dll
0x000007fef9ab0000 - 0x000007fef9ac5000 	C:\Windows\system32\wkscli.dll
0x000007fefea00000 - 0x000007fefec03000 	C:\Windows\system32\ole32.dll
0x000007fefeda0000 - 0x000007fefee77000 	C:\Windows\system32\OLEAUT32.dll
0x0000000074970000 - 0x0000000074a31000 	D:\Program Files\MATLAB\R2012b\bin\win64\mcr.dll
0x0000000075000000 - 0x00000000753e9000 	D:\Program Files\MATLAB\R2012b\bin\win64\iqm.dll
0x0000000074e80000 - 0x0000000074f38000 	D:\Program Files\MATLAB\R2012b\bin\win64\m_dispatcher.dll
0x0000000074880000 - 0x000000007496d000 	D:\Program Files\MATLAB\R2012b\bin\win64\boost_regex-vc90-mt-1_44.dll
0x000007feeb0c0000 - 0x000007feeb931000 	D:\Program Files\MATLAB\R2012b\bin\win64\m_interpreter.dll
0x000000005d700000 - 0x000000005d727000 	D:\Program Files\MATLAB\R2012b\bin\win64\libmex.dll
0x000000005c3d0000 - 0x000000005c454000 	D:\Program Files\MATLAB\R2012b\bin\win64\profiler.dll
0x0000000004f40000 - 0x00000000051aa000 	D:\Program Files\MATLAB\R2012b\bin\win64\libmwmathutil.dll
0x0000000079f40000 - 0x0000000079f6e000 	D:\Program Files\MATLAB\R2012b\bin\win64\libmwmathrng.dll
0x00000000051d0000 - 0x00000000051e2000 	D:\Program Files\MATLAB\R2012b\bin\win64\libmwmfl_rng.dll
0x0000000074c10000 - 0x0000000074cee000 	D:\Program Files\MATLAB\R2012b\bin\win64\libmwmathcore.dll
0x0000000076160000 - 0x00000000761ca000 	D:\Program Files\MATLAB\R2012b\bin\win64\libmwspmatrix.dll
0x0000000075ea0000 - 0x0000000075f02000 	D:\Program Files\MATLAB\R2012b\bin\win64\libmwcholmod.dll
0x000000007a460000 - 0x000000007a46d000 	D:\Program Files\MATLAB\R2012b\bin\win64\libmwamd.dll
0x000000007a4b0000 - 0x000000007a4bc000 	D:\Program Files\MATLAB\R2012b\bin\win64\libmwcolamd.dll
0x000000007a290000 - 0x000000007a2a9000 	D:\Program Files\MATLAB\R2012b\bin\win64\libmwblas.dll
0x000000007a310000 - 0x000000007a321000 	D:\Program Files\MATLAB\R2012b\bin\win64\libmwbinder.dll
0x000000007a4d0000 - 0x000000007a4dc000 	D:\Program Files\MATLAB\R2012b\bin\win64\libmwompwrapper.dll
0x0000000005280000 - 0x0000000005305000 	D:\Program Files\MATLAB\R2012b\bin\win64\libmwlapack.dll
0x000000005d6d0000 - 0x000000005d6f1000 	D:\Program Files\MATLAB\R2012b\bin\win64\m_pcodeio.dll
0x0000000079b10000 - 0x0000000079b77000 	D:\Program Files\MATLAB\R2012b\bin\win64\m_ir.dll
0x000000005bd60000 - 0x000000005c3d0000 	D:\Program Files\MATLAB\R2012b\bin\win64\m_parser.dll
0x000000005d6b0000 - 0x000000005d6ca000 	D:\Program Files\MATLAB\R2012b\bin\win64\ir_xfmr.dll
0x000007feebf20000 - 0x000007feec1b6000 	D:\Program Files\MATLAB\R2012b\bin\win64\mcos.dll
0x000000005d690000 - 0x000000005d6a1000 	D:\Program Files\MATLAB\R2012b\bin\win64\mtok.dll
0x000000005bd20000 - 0x000000005bd51000 	D:\Program Files\MATLAB\R2012b\bin\win64\m_pcodegen.dll
0x0000000079fb0000 - 0x0000000079fe6000 	D:\Program Files\MATLAB\R2012b\bin\win64\libmwbridge.dll
0x000000005bc50000 - 0x000000005bd18000 	D:\Program Files\MATLAB\R2012b\bin\win64\udd.dll
0x000000005baf0000 - 0x000000005bc42000 	D:\Program Files\MATLAB\R2012b\bin\win64\libmwgui.dll
0x000000005bad0000 - 0x000000005bae7000 	D:\Program Files\MATLAB\R2012b\bin\win64\graphics_util.dll
0x000000005b070000 - 0x000000005bacf000 	D:\Program Files\MATLAB\R2012b\bin\win64\hg.dll
0x00000000053e0000 - 0x0000000005448000 	D:\Program Files\MATLAB\R2012b\bin\win64\libmat.dll
0x0000000072d30000 - 0x0000000072f44000 	D:\Program Files\MATLAB\R2012b\bin\win64\hdf5dll.dll
0x0000000075710000 - 0x00000000757de000 	D:\Program Files\MATLAB\R2012b\bin\win64\jmi.dll
0x0000000005480000 - 0x000000000548d000 	D:\Program Files\MATLAB\R2012b\bin\win64\nativejava_services.dll
0x000000005b020000 - 0x000000005b066000 	D:\Program Files\MATLAB\R2012b\bin\win64\libmwhardcopy.dll
0x000000005afb0000 - 0x000000005b013000 	D:\Program Files\MATLAB\R2012b\bin\win64\libuij.dll
0x000000005ad40000 - 0x000000005afa4000 	D:\Program Files\MATLAB\R2012b\bin\win64\hgdatatypes.dll
0x000000005ac20000 - 0x000000005ad3f000 	D:\Program Files\MATLAB\R2012b\bin\win64\hgutils.dll
0x000000005ab60000 - 0x000000005ac20000 	D:\Program Files\MATLAB\R2012b\bin\win64\udd_mi.dll
0x00000000054f0000 - 0x000000000552b000 	D:\Program Files\MATLAB\R2012b\bin\win64\libmwgbtutils.dll
0x0000000005540000 - 0x000000000555b000 	D:\Program Files\MATLAB\R2012b\bin\win64\libmwgbt.dll
0x0000000005570000 - 0x0000000005841000 	D:\Program Files\MATLAB\R2012b\bin\win64\uiw.dll
0x00000000628a0000 - 0x00000000628af000 	D:\Program Files\MATLAB\R2012b\bin\win64\uinone.dll
0x0000000005870000 - 0x0000000005899000 	D:\Program Files\MATLAB\R2012b\bin\win64\libmwnativefiledialogs.dll
0x00000000058b0000 - 0x00000000058b8000 	D:\Program Files\MATLAB\R2012b\bin\win64\libmwplatform_res.dll
0x000007fef80e0000 - 0x000007fef80f8000 	C:\Windows\system32\MPR.dll
0x000000005a670000 - 0x000000005ab54000 	C:\Windows\WinSxS\amd64_microsoft.vc90.mfc_1fc8b3b9a1e18e3b_9.0.30729.6161_none_044aad0bab1eb146\mfc90.dll
0x000007fefa810000 - 0x000007fefa817000 	C:\Windows\system32\MSIMG32.dll
0x000007fef9350000 - 0x000007fef93c1000 	C:\Windows\system32\WINSPOOL.DRV
0x000000005a640000 - 0x000000005a662000 	D:\Program Files\MATLAB\R2012b\bin\win64\mwoles05.DLL
0x000000005a5c0000 - 0x000000005a63d000 	D:\Program Files\MATLAB\R2012b\bin\win64\comcli.dll
0x000000005a590000 - 0x000000005a5bf000 	C:\Windows\WinSxS\amd64_microsoft.vc90.atl_1fc8b3b9a1e18e3b_9.0.30729.6161_none_0a1fd3a3a768b895\ATL90.DLL
0x0000000064800000 - 0x000000006480c000 	D:\Program Files\MATLAB\R2012b\bin\win64\mlautoregister.dll
0x000007fefe490000 - 0x000007fefe4be000 	C:\Windows\system32\IMM32.DLL
0x000007fefec90000 - 0x000007fefed99000 	C:\Windows\system32\MSCTF.dll
0x000007fefb180000 - 0x000007fefb1d6000 	C:\Windows\system32\UxTheme.dll
0x000007fefa6c0000 - 0x000007fefa6d8000 	C:\Windows\system32\dwmapi.dll
0x000000005e0c0000 - 0x000000005e0c9000 	C:\Windows\WinSxS\amd64_microsoft.vc90.mfcloc_1fc8b3b9a1e18e3b_9.0.30729.6161_none_01c9581e60cbee58\MFC90CHS.DLL
0x0000000078870000 - 0x0000000078ecd000 	D:\Program Files\MATLAB\R2012b\sys\java\jre\win64\jre\bin\server\jvm.dll
0x000007fefa3f0000 - 0x000007fefa42b000 	C:\Windows\system32\WINMM.dll
0x000007fefcb60000 - 0x000007fefcb6f000 	C:\Windows\system32\profapi.dll
0x000007fefa2b0000 - 0x000007fefa2c5000 	C:\Windows\system32\NLAapi.dll
0x000007fef0740000 - 0x000007fef0755000 	C:\Windows\system32\napinsp.dll
0x000007fef0720000 - 0x000007fef0739000 	C:\Windows\system32\pnrpnsp.dll
0x000007fefc300000 - 0x000007fefc355000 	C:\Windows\System32\mswsock.dll
0x000007fefc180000 - 0x000007fefc1db000 	C:\Windows\system32\DNSAPI.dll
0x000007fef55a0000 - 0x000007fef55ab000 	C:\Windows\System32\winrnr.dll
0x000007fefc930000 - 0x000007fefc955000 	C:\Windows\system32\SspiCli.dll

VM Arguments:
jvm_args: -Xss512k -XX:PermSize=32m -Xms64m -XX:NewRatio=3 -XX:MaxPermSize=128m -Xmx196m -XX:MaxDirectMemorySize=2147400000 -Dsun.java2d.noddraw=true -Dsun.awt.nopixfmt=true -Xshare:off -Xrs -Dsun.awt.disableMixing=true -Djava.library.path=D:\Program Files\MATLAB\R2012b\bin\win64;D:\Program Files\MATLAB\R2012b\sys\jxbrowser\win64\lib vfprintf abort -Duser.language=en -Duser.country=US 
java_command: <unknown>
Launcher Type: generic

Environment Variables:
JAVA_HOME=C:\Program Files\Java\jdk1.8.0_05
CLASSPATH=.;C:\Program Files\Java\jdk1.8.0_05\lib;C:\Program Files\Java\jdk1.8.0_05\lib\tools.jar;
PATH=C:\Program Files (x86)\NVIDIA Corporation\PhysX\Common;C:\Windows\system32;C:\Windows;C:\Windows\System32\Wbem;C:\Windows\System32\WindowsPowerShell\v1.0\;D:\Program Files\MATLAB\R2012b\runtime\win64;D:\Program Files\MATLAB\R2012b\bin;C:\Program Files (x86)\Microsoft SQL Server\100\Tools\Binn\;C:\Program Files\Microsoft SQL Server\100\Tools\Binn\;C:\Program Files\Microsoft SQL Server\100\DTS\Binn\;C:\Program Files\Java\jdk1.8.0_05\bin;C:\Program Files\Java\jdk1.8.0_05\jre\bin
USERNAME=dai_wq
OS=Windows_NT
PROCESSOR_IDENTIFIER=Intel64 Family 6 Model 42 Stepping 7, GenuineIntel



---------------  S Y S T E M  ---------------

OS: Windows 7 Build 7601 Service Pack 1

CPU:total 4 (8 cores per cpu, 2 threads per core) family 6 model 42 stepping 7, cmov, cx8, fxsr, mmx, sse, sse2, sse3, ssse3, sse4.1, sse4.2, ht

Memory: 4k page, physical 4116048k(2585784k free), swap 8230232k(5052576k free)

vm_info: Java HotSpot(TM) 64-Bit Server VM (14.3-b01) for windows-amd64 JRE (1.6.0_17-b04), built on Oct 11 2009 00:46:08 by "java_re" with MS VC++ 8.0

time: Tue Aug 26 09:19:51 2014
elapsed time: 920 seconds

