#
# A fatal error has been detected by the Java Runtime Environment:
#
#  Internal Error (os_windows_x86.cpp:114), pid=5784, tid=5344
#  Error: guarantee(result == -1,"Unexpected result from topLevelExceptionFilter")
#
# JRE version: 6.0_17-b04
# Java VM: Java HotSpot(TM) 64-Bit Server VM (14.3-b01 mixed mode windows-amd64 )
# If you would like to submit a bug report, please visit:
#   http://java.sun.com/webapps/bugreport/crash.jsp
# The crash happened outside the Java Virtual Machine in native code.
# See problematic frame for where to report the bug.
#

---------------  T H R E A D  ---------------

Current thread (0x0000000005b9f800):  JavaThread "main" [_thread_in_native, id=5344, stack(0x0000000000140000,0x0000000004140000)]

Stack: [0x0000000000140000,0x0000000004140000]
[error occurred during error reporting (printing stack bounds), id 0xc0000005]

Java frames: (J=compiled Java code, j=interpreted, Vv=VM code)
j  com.mathworks.jmi.NativeMatlab.ProcessPendingEvents()Z+0
j  com.mathworks.jmi.NativeMatlab.processPendingEvents()Z+8
j  com.mathworks.jmi.Matlab$ProcessPendingEvents.callBooleanMethod(Ljava/lang/Object;)Z+0
j  com.mathworks.util.FactoryUtils.processPendingEvents()Z+12
j  com.mathworks.widgets.desk.Desktop.canClose()Z+38
j  com.mathworks.mde.desk.MLDesktop.canClose()Z+113
j  com.mathworks.mde.desk.MLDesktop$2.call()Ljava/lang/Boolean;+4
j  com.mathworks.mde.desk.MLDesktop$2.call()Ljava/lang/Object;+1
j  com.mathworks.jmi.Matlab.isOkToExit()Z+54
v  ~StubRoutines::call_stub
j  com.mathworks.jmi.NativeMatlab.SendMatlabMessage(Ljava/lang/Object;)Ljava/lang/Object;+0
j  com.mathworks.jmi.NativeMatlab.sendMatlabMessage(Ljava/lang/Object;)Ljava/lang/Object;+22
j  com.mathworks.jmi.MatlabLooper.sendMatlabMessage(Lcom/mathworks/services/message/MWMessage;)Ljava/lang/Object;+20
j  com.mathworks.jmi.Matlab.mtFevalConsoleOutput(Ljava/lang/String;[Ljava/lang/Object;I)Ljava/lang/Object;+58
j  com.mathworks.mde.desk.MLDesktop$8.run()V+14
j  com.mathworks.jmi.NativeMatlab.dispatchMTRequests(Z)V+57
v  ~StubRoutines::call_stub

---------------  P R O C E S S  ---------------

Java Threads: ( => current thread )
  0x0000000061a68000 JavaThread "Foxtrot Single Worker Thread #1" daemon [_thread_blocked, id=2416, stack(0x000000000f8e0000,0x000000000f960000)]
  0x0000000061a65000 JavaThread "Active Reference Queue Daemon" daemon [_thread_blocked, id=4820, stack(0x0000000026870000,0x00000000268f0000)]
  0x0000000061a65800 JavaThread "Timer-64" daemon [_thread_blocked, id=3820, stack(0x000000000f6c0000,0x000000000f740000)]
  0x0000000061a62000 JavaThread "Prefs Updater" daemon [_thread_blocked, id=4276, stack(0x00000000086a0000,0x0000000008720000)]
  0x0000000061a63000 JavaThread "Swing-Shell" daemon [_thread_blocked, id=3484, stack(0x0000000025660000,0x00000000256e0000)]
  0x0000000061a64000 JavaThread "Timer-10" daemon [_thread_blocked, id=1228, stack(0x0000000054de0000,0x0000000054e60000)]
  0x0000000061a61800 JavaThread "Explorer NavigationContext request queue" [_thread_blocked, id=4428, stack(0x00000000633a0000,0x0000000063420000)]
  0x0000000061a60000 JavaThread "AddressBar directory emptiness poller" [_thread_blocked, id=5052, stack(0x0000000063320000,0x00000000633a0000)]
  0x0000000061a5f000 JavaThread "Explorer Refresh Service 1103780712" [_thread_blocked, id=4272, stack(0x00000000631f0000,0x0000000063270000)]
  0x0000000061a5d800 JavaThread "Timer-1" daemon [_thread_blocked, id=5184, stack(0x000000001d1a0000,0x000000001d220000)]
  0x0000000061a5d000 JavaThread "TimerQueue" daemon [_thread_blocked, id=3508, stack(0x000000000f960000,0x000000000f9e0000)]
  0x0000000061a5c800 JavaThread "Thread-5" daemon [_thread_blocked, id=4124, stack(0x000000000f860000,0x000000000f8e0000)]
  0x0000000061a5b800 JavaThread "AWT-EventQueue-0" [_thread_blocked, id=4764, stack(0x000000000f9f0000,0x000000000fa70000)]
  0x0000000061a5b000 JavaThread "AWT-Shutdown" [_thread_blocked, id=5852, stack(0x000000000f360000,0x000000000f3e0000)]
  0x0000000061a5a000 JavaThread "FelixPackageAdmin" daemon [_thread_blocked, id=1124, stack(0x000000000fb50000,0x000000000fbd0000)]
  0x0000000061a59800 JavaThread "FelixStartLevel" daemon [_thread_blocked, id=5072, stack(0x000000000fa80000,0x000000000fb00000)]
  0x00000000617d4800 JavaThread "FelixDispatchQueue" daemon [_thread_blocked, id=5824, stack(0x000000000f590000,0x000000000f610000)]
  0x0000000061b6b000 JavaThread "com.google.common.base.internal.Finalizer" daemon [_thread_blocked, id=5972, stack(0x000000000f750000,0x000000000f7d0000)]
  0x000000000e9cd800 JavaThread "AWT-Windows" daemon [_thread_in_native, id=456, stack(0x000000000e230000,0x000000000e2b0000)]
  0x000000000e9cc000 JavaThread "Java2D Disposer" daemon [_thread_blocked, id=2960, stack(0x000000000f2d0000,0x000000000f350000)]
  0x000000000ed91800 JavaThread "Timer-0" [_thread_blocked, id=1032, stack(0x000000000e120000,0x000000000e1a0000)]
  0x00000000611b0000 JavaThread "EventMgr Dispatcher" daemon [_thread_in_native, id=2944, stack(0x0000000008c90000,0x000000000cc90000)]
  0x000000000df52800 JavaThread "Low Memory Detector" daemon [_thread_blocked, id=3908, stack(0x000000000e2e0000,0x000000000e360000)]
  0x000000000df51000 JavaThread "CompilerThread1" daemon [_thread_blocked, id=3396, stack(0x0000000059100000,0x000000005d100000)]
  0x000000000deed800 JavaThread "CompilerThread0" daemon [_thread_blocked, id=4368, stack(0x0000000054f50000,0x0000000058f50000)]
  0x000000000deec800 JavaThread "Attach Listener" daemon [_thread_blocked, id=5868, stack(0x000000000e380000,0x000000000e400000)]
  0x000000000ded8800 JavaThread "Finalizer" daemon [_thread_blocked, id=6024, stack(0x000000000e1b0000,0x000000000e230000)]
  0x000000000ded2000 JavaThread "Reference Handler" daemon [_thread_blocked, id=3112, stack(0x000000000e080000,0x000000000e100000)]
=>0x0000000005b9f800 JavaThread "main" [_thread_in_native, id=5344, stack(0x0000000000140000,0x0000000004140000)]

Other Threads:
  0x0000000005b8d000 VMThread [stack: 0x0000000050da0000,0x0000000054da0000] [id=1276]
  0x000000000df80800 WatcherThread [stack: 0x000000005d170000,0x0000000061170000] [id=5468]

VM state:not at safepoint (normal execution)

VM Mutex/Monitor currently owned by a thread: None

Heap
 PSYoungGen      total 15680K, used 2329K [0x000000003d930000, 0x000000003e930000, 0x0000000040a30000)
  eden space 15104K, 11% used [0x000000003d930000,0x000000003daee248,0x000000003e7f0000)
  from space 576K, 94% used [0x000000003e8a0000,0x000000003e928200,0x000000003e930000)
  to   space 640K, 0% used [0x000000003e7f0000,0x000000003e7f0000,0x000000003e890000)
 PSOldGen        total 76096K, used 69283K [0x0000000034630000, 0x0000000039080000, 0x000000003d930000)
  object space 76096K, 91% used [0x0000000034630000,0x00000000389d8e58,0x0000000039080000)
 PSPermGen       total 131072K, used 68038K [0x000000002c630000, 0x0000000034630000, 0x0000000034630000)
  object space 131072K, 51% used [0x000000002c630000,0x00000000308a1b48,0x0000000034630000)

Dynamic libraries:
0x000000013f9d0000 - 0x000000013f9fd000 	D:\Program Files\MATLAB\R2012b\bin\win64\MATLAB.exe
0x0000000076fc0000 - 0x0000000077169000 	C:\Windows\SYSTEM32\ntdll.dll
0x0000000076da0000 - 0x0000000076ebf000 	C:\Windows\system32\kernel32.dll
0x000007fefd070000 - 0x000007fefd0dc000 	C:\Windows\system32\KERNELBASE.dll
0x0000000074460000 - 0x000000007451f000 	D:\Program Files\MATLAB\R2012b\bin\win64\libut.dll
0x00000000758a0000 - 0x000000007595c000 	D:\Program Files\MATLAB\R2012b\bin\win64\libmwi18n.dll
0x0000000180000000 - 0x000000018000b000 	D:\Program Files\MATLAB\R2012b\bin\win64\libmwresource_core.dll
0x0000000065af0000 - 0x0000000065bc3000 	C:\Windows\WinSxS\amd64_microsoft.vc90.crt_1fc8b3b9a1e18e3b_9.0.30729.6161_none_08e61857a83bc251\MSVCP90.dll
0x0000000065c00000 - 0x0000000065ca3000 	C:\Windows\WinSxS\amd64_microsoft.vc90.crt_1fc8b3b9a1e18e3b_9.0.30729.6161_none_08e61857a83bc251\MSVCR90.dll
0x000000007a170000 - 0x000000007a19c000 	D:\Program Files\MATLAB\R2012b\bin\win64\boost_filesystem-vc90-mt-1_44.dll
0x000000007a560000 - 0x000000007a569000 	D:\Program Files\MATLAB\R2012b\bin\win64\boost_system-vc90-mt-1_44.dll
0x000007fefd850000 - 0x000007fefd92b000 	C:\Windows\system32\ADVAPI32.dll
0x000007feff230000 - 0x000007feff2cf000 	C:\Windows\system32\msvcrt.dll
0x000007fefd830000 - 0x000007fefd84f000 	C:\Windows\SYSTEM32\sechost.dll
0x000007fefd370000 - 0x000007fefd49d000 	C:\Windows\system32\RPCRT4.dll
0x000000007a010000 - 0x000000007a035000 	D:\Program Files\MATLAB\R2012b\bin\win64\LIBEXPAT.dll
0x00000000658f0000 - 0x0000000065ae1000 	D:\Program Files\MATLAB\R2012b\bin\win64\icuin44.dll
0x0000000065770000 - 0x00000000658e1000 	D:\Program Files\MATLAB\R2012b\bin\win64\icuuc44.dll
0x0000000010000000 - 0x0000000010e41000 	D:\Program Files\MATLAB\R2012b\bin\win64\icudt44.dll
0x0000000073f70000 - 0x000000007411d000 	D:\Program Files\MATLAB\R2012b\bin\win64\libmwfl.dll
0x0000000004430000 - 0x00000000047e6000 	D:\Program Files\MATLAB\R2012b\bin\win64\libmwMATLAB_res.dll
0x000000007a3b0000 - 0x000000007a3c0000 	D:\Program Files\MATLAB\R2012b\bin\win64\boost_date_time-vc90-mt-1_44.dll
0x000000007a250000 - 0x000000007a263000 	D:\Program Files\MATLAB\R2012b\bin\win64\boost_signals-vc90-mt-1_44.dll
0x000000007a2d0000 - 0x000000007a2e2000 	D:\Program Files\MATLAB\R2012b\bin\win64\boost_thread-vc90-mt-1_44.dll
0x0000000004190000 - 0x000000000424d000 	D:\Program Files\MATLAB\R2012b\bin\win64\boost_log-vc90-mt-1_44.dll
0x0000000077190000 - 0x0000000077197000 	C:\Windows\system32\PSAPI.DLL
0x000007fefdf20000 - 0x000007fefdf6d000 	C:\Windows\system32\WS2_32.dll
0x000007fefd520000 - 0x000007fefd528000 	C:\Windows\system32\NSI.dll
0x0000000004260000 - 0x00000000042a6000 	D:\Program Files\MATLAB\R2012b\bin\win64\tbb.dll
0x000007fefd930000 - 0x000007fefd949000 	C:\Windows\system32\imagehlp.dll
0x000000006c7a0000 - 0x000000006c7b3000 	D:\Program Files\MATLAB\R2012b\bin\win64\icuio44.dll
0x000007feefd50000 - 0x000007feefe75000 	C:\Windows\system32\dbghelp.dll
0x0000000076ec0000 - 0x0000000076fba000 	C:\Windows\system32\USER32.dll
0x000007fefd4b0000 - 0x000007fefd517000 	C:\Windows\system32\GDI32.dll
0x000007fefd4a0000 - 0x000007fefd4ae000 	C:\Windows\system32\LPK.dll
0x000007feff160000 - 0x000007feff229000 	C:\Windows\system32\USP10.dll
0x00000000047f0000 - 0x0000000004acc000 	D:\Program Files\MATLAB\R2012b\bin\win64\libmwservices.dll
0x0000000075a20000 - 0x0000000075af3000 	D:\Program Files\MATLAB\R2012b\bin\win64\libmx.dll
0x00000000042f0000 - 0x0000000004319000 	D:\Program Files\MATLAB\R2012b\bin\win64\tbbmalloc.dll
0x000000007a210000 - 0x000000007a228000 	D:\Program Files\MATLAB\R2012b\bin\win64\zlib1.dll
0x0000000004ae0000 - 0x0000000004b2d000 	D:\Program Files\MATLAB\R2012b\bin\win64\libmwregexp.dll
0x0000000004b40000 - 0x0000000004b63000 	D:\Program Files\MATLAB\R2012b\bin\win64\libmwmfl_scalar.dll
0x0000000075f10000 - 0x0000000075f60000 	D:\Program Files\MATLAB\R2012b\bin\win64\mpath.dll
0x000000007b680000 - 0x000000007bc9a000 	D:\Program Files\MATLAB\R2012b\bin\win64\mlutil.dll
0x00000000754d0000 - 0x0000000075551000 	D:\Program Files\MATLAB\R2012b\bin\win64\xmlcore.dll
0x0000000004bb0000 - 0x0000000004e03000 	D:\Program Files\MATLAB\R2012b\bin\win64\xerces-c_2_7.dll
0x0000000004e20000 - 0x0000000004e40000 	D:\Program Files\MATLAB\R2012b\bin\win64\libmwMATLAB_settings_res.dll
0x0000000004e50000 - 0x0000000004e60000 	D:\Program Files\MATLAB\R2012b\bin\win64\boost_iostreams-vc90-mt-1_44.dll
0x0000000004e70000 - 0x0000000004eb7000 	D:\Program Files\MATLAB\R2012b\bin\win64\boost_serialization-vc90-mt-1_44.dll
0x000007fefe010000 - 0x000007fefed98000 	C:\Windows\system32\SHELL32.dll
0x000007fefde70000 - 0x000007fefdee1000 	C:\Windows\system32\SHLWAPI.dll
0x000007fef90a0000 - 0x000007fef9140000 	C:\Windows\WinSxS\amd64_microsoft.windows.common-controls_6595b64144ccf1df_5.82.7601.18201_none_a4d3b9377117c3df\COMCTL32.dll
0x000007fefdf70000 - 0x000007fefe007000 	C:\Windows\system32\COMDLG32.dll
0x000007fef9d50000 - 0x000007fef9d66000 	C:\Windows\system32\NETAPI32.dll
0x000007fef9d40000 - 0x000007fef9d4c000 	C:\Windows\system32\netutils.dll
0x000007fefc930000 - 0x000007fefc953000 	C:\Windows\system32\srvcli.dll
0x000007fef9d20000 - 0x000007fef9d35000 	C:\Windows\system32\wkscli.dll
0x000007fefd950000 - 0x000007fefdb53000 	C:\Windows\system32\ole32.dll
0x000007fefee40000 - 0x000007fefef17000 	C:\Windows\system32\OLEAUT32.dll
0x0000000074970000 - 0x0000000074a31000 	D:\Program Files\MATLAB\R2012b\bin\win64\mcr.dll
0x0000000075000000 - 0x00000000753e9000 	D:\Program Files\MATLAB\R2012b\bin\win64\iqm.dll
0x0000000074e80000 - 0x0000000074f38000 	D:\Program Files\MATLAB\R2012b\bin\win64\m_dispatcher.dll
0x0000000074880000 - 0x000000007496d000 	D:\Program Files\MATLAB\R2012b\bin\win64\boost_regex-vc90-mt-1_44.dll
0x000007feef4d0000 - 0x000007feefd41000 	D:\Program Files\MATLAB\R2012b\bin\win64\m_interpreter.dll
0x0000000065d60000 - 0x0000000065d87000 	D:\Program Files\MATLAB\R2012b\bin\win64\libmex.dll
0x00000000656e0000 - 0x0000000065764000 	D:\Program Files\MATLAB\R2012b\bin\win64\profiler.dll
0x0000000004f40000 - 0x00000000051aa000 	D:\Program Files\MATLAB\R2012b\bin\win64\libmwmathutil.dll
0x0000000079f40000 - 0x0000000079f6e000 	D:\Program Files\MATLAB\R2012b\bin\win64\libmwmathrng.dll
0x00000000051d0000 - 0x00000000051e2000 	D:\Program Files\MATLAB\R2012b\bin\win64\libmwmfl_rng.dll
0x0000000074c10000 - 0x0000000074cee000 	D:\Program Files\MATLAB\R2012b\bin\win64\libmwmathcore.dll
0x0000000076160000 - 0x00000000761ca000 	D:\Program Files\MATLAB\R2012b\bin\win64\libmwspmatrix.dll
0x0000000075ea0000 - 0x0000000075f02000 	D:\Program Files\MATLAB\R2012b\bin\win64\libmwcholmod.dll
0x000000007a460000 - 0x000000007a46d000 	D:\Program Files\MATLAB\R2012b\bin\win64\libmwamd.dll
0x000000007a4b0000 - 0x000000007a4bc000 	D:\Program Files\MATLAB\R2012b\bin\win64\libmwcolamd.dll
0x000000007a290000 - 0x000000007a2a9000 	D:\Program Files\MATLAB\R2012b\bin\win64\libmwblas.dll
0x000000007a310000 - 0x000000007a321000 	D:\Program Files\MATLAB\R2012b\bin\win64\libmwbinder.dll
0x000000007a4d0000 - 0x000000007a4dc000 	D:\Program Files\MATLAB\R2012b\bin\win64\libmwompwrapper.dll
0x0000000005280000 - 0x0000000005305000 	D:\Program Files\MATLAB\R2012b\bin\win64\libmwlapack.dll
0x000000006c420000 - 0x000000006c441000 	D:\Program Files\MATLAB\R2012b\bin\win64\m_pcodeio.dll
0x0000000079b10000 - 0x0000000079b77000 	D:\Program Files\MATLAB\R2012b\bin\win64\m_ir.dll
0x0000000065070000 - 0x00000000656e0000 	D:\Program Files\MATLAB\R2012b\bin\win64\m_parser.dll
0x0000000065d40000 - 0x0000000065d5a000 	D:\Program Files\MATLAB\R2012b\bin\win64\ir_xfmr.dll
0x000007feef230000 - 0x000007feef4c6000 	D:\Program Files\MATLAB\R2012b\bin\win64\mcos.dll
0x0000000065d20000 - 0x0000000065d31000 	D:\Program Files\MATLAB\R2012b\bin\win64\mtok.dll
0x0000000065030000 - 0x0000000065061000 	D:\Program Files\MATLAB\R2012b\bin\win64\m_pcodegen.dll
0x0000000079fb0000 - 0x0000000079fe6000 	D:\Program Files\MATLAB\R2012b\bin\win64\libmwbridge.dll
0x0000000064f60000 - 0x0000000065028000 	D:\Program Files\MATLAB\R2012b\bin\win64\udd.dll
0x0000000064e00000 - 0x0000000064f52000 	D:\Program Files\MATLAB\R2012b\bin\win64\libmwgui.dll
0x0000000065be0000 - 0x0000000065bf7000 	D:\Program Files\MATLAB\R2012b\bin\win64\graphics_util.dll
0x00000000643a0000 - 0x0000000064dff000 	D:\Program Files\MATLAB\R2012b\bin\win64\hg.dll
0x00000000053e0000 - 0x0000000005448000 	D:\Program Files\MATLAB\R2012b\bin\win64\libmat.dll
0x0000000072d30000 - 0x0000000072f44000 	D:\Program Files\MATLAB\R2012b\bin\win64\hdf5dll.dll
0x0000000075710000 - 0x00000000757de000 	D:\Program Files\MATLAB\R2012b\bin\win64\jmi.dll
0x0000000005480000 - 0x000000000548d000 	D:\Program Files\MATLAB\R2012b\bin\win64\nativejava_services.dll
0x0000000064350000 - 0x0000000064396000 	D:\Program Files\MATLAB\R2012b\bin\win64\libmwhardcopy.dll
0x00000000642e0000 - 0x0000000064343000 	D:\Program Files\MATLAB\R2012b\bin\win64\libuij.dll
0x0000000064070000 - 0x00000000642d4000 	D:\Program Files\MATLAB\R2012b\bin\win64\hgdatatypes.dll
0x0000000063f50000 - 0x000000006406f000 	D:\Program Files\MATLAB\R2012b\bin\win64\hgutils.dll
0x0000000063e90000 - 0x0000000063f50000 	D:\Program Files\MATLAB\R2012b\bin\win64\udd_mi.dll
0x00000000054f0000 - 0x000000000552b000 	D:\Program Files\MATLAB\R2012b\bin\win64\libmwgbtutils.dll
0x0000000005540000 - 0x000000000555b000 	D:\Program Files\MATLAB\R2012b\bin\win64\libmwgbt.dll
0x0000000005570000 - 0x0000000005841000 	D:\Program Files\MATLAB\R2012b\bin\win64\uiw.dll
0x000000006cfa0000 - 0x000000006cfaf000 	D:\Program Files\MATLAB\R2012b\bin\win64\uinone.dll
0x0000000005870000 - 0x0000000005899000 	D:\Program Files\MATLAB\R2012b\bin\win64\libmwnativefiledialogs.dll
0x00000000058b0000 - 0x00000000058b8000 	D:\Program Files\MATLAB\R2012b\bin\win64\libmwplatform_res.dll
0x000007fef81d0000 - 0x000007fef81e8000 	C:\Windows\system32\MPR.dll
0x00000000639a0000 - 0x0000000063e84000 	C:\Windows\WinSxS\amd64_microsoft.vc90.mfc_1fc8b3b9a1e18e3b_9.0.30729.6161_none_044aad0bab1eb146\mfc90.dll
0x000007fefaae0000 - 0x000007fefaae7000 	C:\Windows\system32\MSIMG32.dll
0x000007fef9020000 - 0x000007fef9091000 	C:\Windows\system32\WINSPOOL.DRV
0x0000000063970000 - 0x0000000063992000 	D:\Program Files\MATLAB\R2012b\bin\win64\mwoles05.DLL
0x00000000638f0000 - 0x000000006396d000 	D:\Program Files\MATLAB\R2012b\bin\win64\comcli.dll
0x00000000638c0000 - 0x00000000638ef000 	C:\Windows\WinSxS\amd64_microsoft.vc90.atl_1fc8b3b9a1e18e3b_9.0.30729.6161_none_0a1fd3a3a768b895\ATL90.DLL
0x000000006cf80000 - 0x000000006cf8c000 	D:\Program Files\MATLAB\R2012b\bin\win64\mlautoregister.dll
0x000007fefdef0000 - 0x000007fefdf1e000 	C:\Windows\system32\IMM32.DLL
0x000007fefd530000 - 0x000007fefd639000 	C:\Windows\system32\MSCTF.dll
0x000007fefb430000 - 0x000007fefb486000 	C:\Windows\system32\UxTheme.dll
0x000007fefa980000 - 0x000007fefa998000 	C:\Windows\system32\dwmapi.dll
0x0000000073b40000 - 0x0000000073b49000 	C:\Windows\WinSxS\amd64_microsoft.vc90.mfcloc_1fc8b3b9a1e18e3b_9.0.30729.6161_none_01c9581e60cbee58\MFC90CHS.DLL
0x0000000078870000 - 0x0000000078ecd000 	D:\Program Files\MATLAB\R2012b\sys\java\jre\win64\jre\bin\server\jvm.dll
0x000007fefa640000 - 0x000007fefa67b000 	C:\Windows\system32\WINMM.dll
0x000007fefcdd0000 - 0x000007fefcddf000 	C:\Windows\system32\profapi.dll
0x000007fefa510000 - 0x000007fefa525000 	C:\Windows\system32\NLAapi.dll
0x000007fef61a0000 - 0x000007fef61b5000 	C:\Windows\system32\napinsp.dll
0x000007fef6180000 - 0x000007fef6199000 	C:\Windows\system32\pnrpnsp.dll
0x000007fefc570000 - 0x000007fefc5c5000 	C:\Windows\System32\mswsock.dll
0x000007fefc3f0000 - 0x000007fefc44b000 	C:\Windows\system32\DNSAPI.dll
0x000007fef6170000 - 0x000007fef617b000 	C:\Windows\System32\winrnr.dll
0x000007fefcbe0000 - 0x000007fefcc05000 	C:\Windows\system32\SspiCli.dll

VM Arguments:
jvm_args: -Xss512k -XX:PermSize=32m -Xms64m -XX:NewRatio=3 -XX:MaxPermSize=128m -Xmx196m -XX:MaxDirectMemorySize=2147400000 -Dsun.java2d.noddraw=true -Dsun.awt.nopixfmt=true -Xshare:off -Xrs -Dsun.awt.disableMixing=true -Djava.library.path=D:\Program Files\MATLAB\R2012b\bin\win64;D:\Program Files\MATLAB\R2012b\sys\jxbrowser\win64\lib vfprintf abort -Duser.language=en -Duser.country=US 
java_command: <unknown>
Launcher Type: generic

Environment Variables:
JAVA_HOME=C:\Program Files\Java\jdk1.8.0_05
CLASSPATH=.;C:\Program Files\Java\jdk1.8.0_05\lib;C:\Program Files\Java\jdk1.8.0_05\lib\tools.jar;
PATH=C:\Program Files (x86)\NVIDIA Corporation\PhysX\Common;C:\Windows\system32;C:\Windows;C:\Windows\System32\Wbem;C:\Windows\System32\WindowsPowerShell\v1.0\;D:\Program Files\MATLAB\R2012b\runtime\win64;D:\Program Files\MATLAB\R2012b\bin;C:\Program Files (x86)\Microsoft SQL Server\100\Tools\Binn\;C:\Program Files\Microsoft SQL Server\100\Tools\Binn\;C:\Program Files\Microsoft SQL Server\100\DTS\Binn\;C:\Program Files\Java\jdk1.8.0_05\bin;C:\Program Files\Java\jdk1.8.0_05\jre\bin
USERNAME=dai_wq
OS=Windows_NT
PROCESSOR_IDENTIFIER=Intel64 Family 6 Model 42 Stepping 7, GenuineIntel



---------------  S Y S T E M  ---------------

OS: Windows 7 Build 7601 Service Pack 1

CPU:total 4 (8 cores per cpu, 2 threads per core) family 6 model 42 stepping 7, cmov, cx8, fxsr, mmx, sse, sse2, sse3, ssse3, sse4.1, sse4.2, ht

Memory: 4k page, physical 4116048k(1960272k free), swap 8230232k(4470212k free)

vm_info: Java HotSpot(TM) 64-Bit Server VM (14.3-b01) for windows-amd64 JRE (1.6.0_17-b04), built on Oct 11 2009 00:46:08 by "java_re" with MS VC++ 8.0

time: Thu Aug 21 10:52:04 2014
elapsed time: 2805 seconds

