#
# A fatal error has been detected by the Java Runtime Environment:
#
#  Internal Error (os_windows_x86.cpp:114), pid=4400, tid=4208
#  Error: guarantee(result == -1,"Unexpected result from topLevelExceptionFilter")
#
# JRE version: 6.0_17-b04
# Java VM: Java HotSpot(TM) 64-Bit Server VM (14.3-b01 mixed mode windows-amd64 )
# If you would like to submit a bug report, please visit:
#   http://java.sun.com/webapps/bugreport/crash.jsp
# The crash happened outside the Java Virtual Machine in native code.
# See problematic frame for where to report the bug.
#

---------------  T H R E A D  ---------------

Current thread (0x0000000005e3f800):  JavaThread "main" [_thread_in_native, id=4208, stack(0x00000000000c0000,0x00000000040c0000)]

Stack: [0x00000000000c0000,0x00000000040c0000]
[error occurred during error reporting (printing stack bounds), id 0xc0000005]

Java frames: (J=compiled Java code, j=interpreted, Vv=VM code)
j  com.mathworks.jmi.NativeMatlab.ProcessPendingEvents()Z+0
j  com.mathworks.jmi.NativeMatlab.processPendingEvents()Z+8
j  com.mathworks.jmi.Matlab$ProcessPendingEvents.callBooleanMethod(Ljava/lang/Object;)Z+0
j  com.mathworks.util.FactoryUtils.processPendingEvents()Z+12
j  com.mathworks.mde.desk.MLDesktop.canClose()Z+84
j  com.mathworks.mde.desk.MLDesktop$2.call()Ljava/lang/Boolean;+4
j  com.mathworks.mde.desk.MLDesktop$2.call()Ljava/lang/Object;+1
j  com.mathworks.jmi.Matlab.isOkToExit()Z+54
v  ~StubRoutines::call_stub
j  com.mathworks.jmi.NativeMatlab.SendMatlabMessage(Ljava/lang/Object;)Ljava/lang/Object;+0
j  com.mathworks.jmi.NativeMatlab.sendMatlabMessage(Ljava/lang/Object;)Ljava/lang/Object;+22
j  com.mathworks.jmi.MatlabLooper.sendMatlabMessage(Lcom/mathworks/services/message/MWMessage;)Ljava/lang/Object;+20
j  com.mathworks.jmi.Matlab.mtFevalConsoleOutput(Ljava/lang/String;[Ljava/lang/Object;I)Ljava/lang/Object;+58
j  com.mathworks.mde.desk.MLDesktop$8.run()V+14
j  com.mathworks.jmi.NativeMatlab.dispatchMTRequests(Z)V+57
v  ~StubRoutines::call_stub

---------------  P R O C E S S  ---------------

Java Threads: ( => current thread )
  0x000000000ec94800 JavaThread "Timer-240" daemon [_thread_blocked, id=3576, stack(0x0000000028860000,0x00000000288e0000)]
  0x000000000ec92800 JavaThread "Main message loop" daemon [_thread_in_native, id=7000, stack(0x00000000283f0000,0x0000000028470000)]
  0x000000000ec91000 JavaThread "com.jniwrapper.NativeResourceCollector" daemon [_thread_blocked, id=1660, stack(0x0000000028e00000,0x0000000028e80000)]
  0x000000000ec8f800 JavaThread "pool-5-thread-1" [_thread_blocked, id=268, stack(0x0000000027f30000,0x0000000027fb0000)]
  0x000000000ec95800 JavaThread "Timer-58" [_thread_blocked, id=5784, stack(0x0000000010e80000,0x0000000010f00000)]
  0x000000000ec8a800 JavaThread "Active Reference Queue Daemon" daemon [_thread_blocked, id=3852, stack(0x0000000027b50000,0x0000000027bd0000)]
  0x000000000ec8b800 JavaThread "Timer-31" daemon [_thread_blocked, id=4708, stack(0x0000000027a60000,0x0000000027ae0000)]
  0x000000000ec8d800 JavaThread "Prefs Updater" daemon [_thread_blocked, id=5024, stack(0x00000000267e0000,0x0000000026860000)]
  0x000000000ec94000 JavaThread "Swing-Shell" daemon [_thread_blocked, id=3988, stack(0x0000000025710000,0x0000000025790000)]
  0x000000000ec93800 JavaThread "Timer-10" daemon [_thread_blocked, id=3904, stack(0x000000005b250000,0x000000005b2d0000)]
  0x000000000ec90800 JavaThread "Explorer NavigationContext request queue" [_thread_blocked, id=3036, stack(0x0000000050c40000,0x0000000050cc0000)]
  0x000000000ec8f000 JavaThread "AddressBar directory emptiness poller" [_thread_blocked, id=6232, stack(0x000000004cb70000,0x000000004cbf0000)]
  0x000000000ec8e000 JavaThread "Explorer Refresh Service 1342965186" [_thread_blocked, id=6820, stack(0x0000000050ce0000,0x0000000050d60000)]
  0x000000000ec8c000 JavaThread "Timer-1" daemon [_thread_blocked, id=7020, stack(0x000000000f8b0000,0x000000000f930000)]
  0x000000000ec87800 JavaThread "TimerQueue" daemon [_thread_blocked, id=4684, stack(0x0000000008c20000,0x0000000008ca0000)]
  0x000000000ec88800 JavaThread "AWT-EventQueue-0" [_thread_in_Java, id=5312, stack(0x0000000008830000,0x00000000088b0000)]
  0x000000000ec89000 JavaThread "AWT-Shutdown" [_thread_blocked, id=4340, stack(0x0000000008950000,0x00000000089d0000)]
  0x000000000ec8a000 JavaThread "Thread-5" daemon [_thread_blocked, id=7092, stack(0x0000000008780000,0x0000000008800000)]
  0x000000000ec87000 JavaThread "FelixPackageAdmin" daemon [_thread_blocked, id=6384, stack(0x000000000fca0000,0x000000000fd20000)]
  0x000000000e847800 JavaThread "FelixStartLevel" daemon [_thread_blocked, id=4608, stack(0x000000000f930000,0x000000000f9b0000)]
  0x00000000598e2000 JavaThread "FelixDispatchQueue" daemon [_thread_blocked, id=5296, stack(0x000000000f4f0000,0x000000000f570000)]
  0x00000000598b5000 JavaThread "com.google.common.base.internal.Finalizer" daemon [_thread_blocked, id=6488, stack(0x000000000e400000,0x000000000e480000)]
  0x0000000059505000 JavaThread "AWT-Windows" daemon [_thread_in_native, id=6964, stack(0x000000000e300000,0x000000000e380000)]
  0x0000000059504000 JavaThread "Java2D Disposer" daemon [_thread_blocked, id=4552, stack(0x000000000f470000,0x000000000f4f0000)]
  0x0000000059197000 JavaThread "Timer-0" [_thread_blocked, id=5912, stack(0x000000000e690000,0x000000000e710000)]
  0x0000000059183800 JavaThread "EventMgr Dispatcher" daemon [_thread_in_native, id=4844, stack(0x0000000008f70000,0x000000000cf70000)]
  0x000000000e204000 JavaThread "Low Memory Detector" daemon [_thread_blocked, id=4184, stack(0x000000000e740000,0x000000000e7c0000)]
  0x000000000e1fe800 JavaThread "CompilerThread1" daemon [_thread_blocked, id=6216, stack(0x000000005bba0000,0x000000005fba0000)]
  0x000000000e1ad800 JavaThread "CompilerThread0" daemon [_thread_blocked, id=508, stack(0x0000000054f80000,0x0000000058f80000)]
  0x000000000e1ac800 JavaThread "Attach Listener" daemon [_thread_blocked, id=5412, stack(0x000000000e380000,0x000000000e400000)]
  0x000000000e198800 JavaThread "Finalizer" daemon [_thread_blocked, id=6880, stack(0x000000000e5a0000,0x000000000e620000)]
  0x000000000e192000 JavaThread "Reference Handler" daemon [_thread_blocked, id=6364, stack(0x000000000e4b0000,0x000000000e530000)]
=>0x0000000005e3f800 JavaThread "main" [_thread_in_native, id=4208, stack(0x00000000000c0000,0x00000000040c0000)]

Other Threads:
  0x0000000005d4d000 VMThread [stack: 0x0000000050d90000,0x0000000054d90000] [id=3268]
  0x000000000e230000 WatcherThread [stack: 0x000000005fbb0000,0x0000000063bb0000] [id=7040]

VM state:not at safepoint (normal execution)

VM Mutex/Monitor currently owned by a thread: None

Heap
 PSYoungGen      total 45824K, used 25259K [0x000000003d6d0000, 0x00000000407c0000, 0x00000000407d0000)
  eden space 41920K, 59% used [0x000000003d6d0000,0x000000003ef32cc0,0x000000003ffc0000)
  from space 3904K, 7% used [0x000000003ffc0000,0x0000000040008000,0x0000000040390000)
  to   space 3776K, 0% used [0x0000000040410000,0x0000000040410000,0x00000000407c0000)
 PSOldGen        total 89920K, used 85749K [0x00000000343d0000, 0x0000000039ba0000, 0x000000003d6d0000)
  object space 89920K, 95% used [0x00000000343d0000,0x000000003978d7e8,0x0000000039ba0000)
 PSPermGen       total 128896K, used 78945K [0x000000002c3d0000, 0x00000000341b0000, 0x00000000343d0000)
  object space 128896K, 61% used [0x000000002c3d0000,0x00000000310e8608,0x00000000341b0000)

Dynamic libraries:
0x000000013fd90000 - 0x000000013fdbd000 	D:\Program Files\MATLAB\R2012b\bin\win64\MATLAB.exe
0x0000000076d50000 - 0x0000000076ef9000 	C:\Windows\SYSTEM32\ntdll.dll
0x0000000076b30000 - 0x0000000076c4f000 	C:\Windows\system32\kernel32.dll
0x000007fefce00000 - 0x000007fefce6c000 	C:\Windows\system32\KERNELBASE.dll
0x0000000074460000 - 0x000000007451f000 	D:\Program Files\MATLAB\R2012b\bin\win64\libut.dll
0x00000000758a0000 - 0x000000007595c000 	D:\Program Files\MATLAB\R2012b\bin\win64\libmwi18n.dll
0x0000000180000000 - 0x000000018000b000 	D:\Program Files\MATLAB\R2012b\bin\win64\libmwresource_core.dll
0x0000000072930000 - 0x0000000072a03000 	C:\Windows\WinSxS\amd64_microsoft.vc90.crt_1fc8b3b9a1e18e3b_9.0.30729.6161_none_08e61857a83bc251\MSVCP90.dll
0x000000006fa80000 - 0x000000006fb23000 	C:\Windows\WinSxS\amd64_microsoft.vc90.crt_1fc8b3b9a1e18e3b_9.0.30729.6161_none_08e61857a83bc251\MSVCR90.dll
0x000000007a170000 - 0x000000007a19c000 	D:\Program Files\MATLAB\R2012b\bin\win64\boost_filesystem-vc90-mt-1_44.dll
0x000000007a560000 - 0x000000007a569000 	D:\Program Files\MATLAB\R2012b\bin\win64\boost_system-vc90-mt-1_44.dll
0x000007fefe4c0000 - 0x000007fefe59b000 	C:\Windows\system32\ADVAPI32.dll
0x000007fefe5a0000 - 0x000007fefe63f000 	C:\Windows\system32\msvcrt.dll
0x000007feff040000 - 0x000007feff05f000 	C:\Windows\SYSTEM32\sechost.dll
0x000007fefd160000 - 0x000007fefd28d000 	C:\Windows\system32\RPCRT4.dll
0x000000007a010000 - 0x000000007a035000 	D:\Program Files\MATLAB\R2012b\bin\win64\LIBEXPAT.dll
0x000000006d7a0000 - 0x000000006d991000 	D:\Program Files\MATLAB\R2012b\bin\win64\icuin44.dll
0x000000006da20000 - 0x000000006db91000 	D:\Program Files\MATLAB\R2012b\bin\win64\icuuc44.dll
0x0000000010000000 - 0x0000000010e41000 	D:\Program Files\MATLAB\R2012b\bin\win64\icudt44.dll
0x0000000073f70000 - 0x000000007411d000 	D:\Program Files\MATLAB\R2012b\bin\win64\libmwfl.dll
0x0000000004250000 - 0x0000000004606000 	D:\Program Files\MATLAB\R2012b\bin\win64\libmwMATLAB_res.dll
0x000000007a3b0000 - 0x000000007a3c0000 	D:\Program Files\MATLAB\R2012b\bin\win64\boost_date_time-vc90-mt-1_44.dll
0x000000007a250000 - 0x000000007a263000 	D:\Program Files\MATLAB\R2012b\bin\win64\boost_signals-vc90-mt-1_44.dll
0x000000007a2d0000 - 0x000000007a2e2000 	D:\Program Files\MATLAB\R2012b\bin\win64\boost_thread-vc90-mt-1_44.dll
0x0000000004650000 - 0x000000000470d000 	D:\Program Files\MATLAB\R2012b\bin\win64\boost_log-vc90-mt-1_44.dll
0x0000000076f10000 - 0x0000000076f17000 	C:\Windows\system32\PSAPI.DLL
0x000007fefd330000 - 0x000007fefd37d000 	C:\Windows\system32\WS2_32.dll
0x000007feff030000 - 0x000007feff038000 	C:\Windows\system32\NSI.dll
0x0000000004720000 - 0x0000000004766000 	D:\Program Files\MATLAB\R2012b\bin\win64\tbb.dll
0x000007fefee80000 - 0x000007fefee99000 	C:\Windows\system32\imagehlp.dll
0x00000000737a0000 - 0x00000000737b3000 	D:\Program Files\MATLAB\R2012b\bin\win64\icuio44.dll
0x000007feef8d0000 - 0x000007feef9f5000 	C:\Windows\system32\dbghelp.dll
0x0000000076c50000 - 0x0000000076d4a000 	C:\Windows\system32\USER32.dll
0x000007fefefc0000 - 0x000007feff027000 	C:\Windows\system32\GDI32.dll
0x000007fefe880000 - 0x000007fefe88e000 	C:\Windows\system32\LPK.dll
0x000007fefe3c0000 - 0x000007fefe489000 	C:\Windows\system32\USP10.dll
0x0000000004790000 - 0x0000000004a6c000 	D:\Program Files\MATLAB\R2012b\bin\win64\libmwservices.dll
0x0000000075a20000 - 0x0000000075af3000 	D:\Program Files\MATLAB\R2012b\bin\win64\libmx.dll
0x0000000004a90000 - 0x0000000004ab9000 	D:\Program Files\MATLAB\R2012b\bin\win64\tbbmalloc.dll
0x000000007a210000 - 0x000000007a228000 	D:\Program Files\MATLAB\R2012b\bin\win64\zlib1.dll
0x0000000004ae0000 - 0x0000000004b2d000 	D:\Program Files\MATLAB\R2012b\bin\win64\libmwregexp.dll
0x0000000004b40000 - 0x0000000004b63000 	D:\Program Files\MATLAB\R2012b\bin\win64\libmwmfl_scalar.dll
0x0000000075f10000 - 0x0000000075f60000 	D:\Program Files\MATLAB\R2012b\bin\win64\mpath.dll
0x000000007b680000 - 0x000000007bc9a000 	D:\Program Files\MATLAB\R2012b\bin\win64\mlutil.dll
0x00000000754d0000 - 0x0000000075551000 	D:\Program Files\MATLAB\R2012b\bin\win64\xmlcore.dll
0x0000000004bb0000 - 0x0000000004e03000 	D:\Program Files\MATLAB\R2012b\bin\win64\xerces-c_2_7.dll
0x0000000004e20000 - 0x0000000004e40000 	D:\Program Files\MATLAB\R2012b\bin\win64\libmwMATLAB_settings_res.dll
0x0000000004e50000 - 0x0000000004e60000 	D:\Program Files\MATLAB\R2012b\bin\win64\boost_iostreams-vc90-mt-1_44.dll
0x0000000004e70000 - 0x0000000004eb7000 	D:\Program Files\MATLAB\R2012b\bin\win64\boost_serialization-vc90-mt-1_44.dll
0x000007fefd380000 - 0x000007fefe108000 	C:\Windows\system32\SHELL32.dll
0x000007fefef40000 - 0x000007fefefb1000 	C:\Windows\system32\SHLWAPI.dll
0x000007fef93d0000 - 0x000007fef9470000 	C:\Windows\WinSxS\amd64_microsoft.windows.common-controls_6595b64144ccf1df_5.82.7601.18201_none_a4d3b9377117c3df\COMCTL32.dll
0x000007fefd290000 - 0x000007fefd327000 	C:\Windows\system32\COMDLG32.dll
0x000007fef9ae0000 - 0x000007fef9af6000 	C:\Windows\system32\NETAPI32.dll
0x000007fef9ad0000 - 0x000007fef9adc000 	C:\Windows\system32\netutils.dll
0x000007fefc830000 - 0x000007fefc853000 	C:\Windows\system32\srvcli.dll
0x000007fef9ab0000 - 0x000007fef9ac5000 	C:\Windows\system32\wkscli.dll
0x000007fefea00000 - 0x000007fefec03000 	C:\Windows\system32\ole32.dll
0x000007fefeda0000 - 0x000007fefee77000 	C:\Windows\system32\OLEAUT32.dll
0x0000000074970000 - 0x0000000074a31000 	D:\Program Files\MATLAB\R2012b\bin\win64\mcr.dll
0x0000000075000000 - 0x00000000753e9000 	D:\Program Files\MATLAB\R2012b\bin\win64\iqm.dll
0x0000000074e80000 - 0x0000000074f38000 	D:\Program Files\MATLAB\R2012b\bin\win64\m_dispatcher.dll
0x0000000074880000 - 0x000000007496d000 	D:\Program Files\MATLAB\R2012b\bin\win64\boost_regex-vc90-mt-1_44.dll
0x000007feeb370000 - 0x000007feebbe1000 	D:\Program Files\MATLAB\R2012b\bin\win64\m_interpreter.dll
0x0000000073770000 - 0x0000000073797000 	D:\Program Files\MATLAB\R2012b\bin\win64\libmex.dll
0x000000006e420000 - 0x000000006e4a4000 	D:\Program Files\MATLAB\R2012b\bin\win64\profiler.dll
0x0000000004f40000 - 0x00000000051aa000 	D:\Program Files\MATLAB\R2012b\bin\win64\libmwmathutil.dll
0x0000000079f40000 - 0x0000000079f6e000 	D:\Program Files\MATLAB\R2012b\bin\win64\libmwmathrng.dll
0x00000000051d0000 - 0x00000000051e2000 	D:\Program Files\MATLAB\R2012b\bin\win64\libmwmfl_rng.dll
0x0000000074c10000 - 0x0000000074cee000 	D:\Program Files\MATLAB\R2012b\bin\win64\libmwmathcore.dll
0x0000000076160000 - 0x00000000761ca000 	D:\Program Files\MATLAB\R2012b\bin\win64\libmwspmatrix.dll
0x0000000075ea0000 - 0x0000000075f02000 	D:\Program Files\MATLAB\R2012b\bin\win64\libmwcholmod.dll
0x000000007a460000 - 0x000000007a46d000 	D:\Program Files\MATLAB\R2012b\bin\win64\libmwamd.dll
0x000000007a4b0000 - 0x000000007a4bc000 	D:\Program Files\MATLAB\R2012b\bin\win64\libmwcolamd.dll
0x000000007a290000 - 0x000000007a2a9000 	D:\Program Files\MATLAB\R2012b\bin\win64\libmwblas.dll
0x000000007a310000 - 0x000000007a321000 	D:\Program Files\MATLAB\R2012b\bin\win64\libmwbinder.dll
0x000000007a4d0000 - 0x000000007a4dc000 	D:\Program Files\MATLAB\R2012b\bin\win64\libmwompwrapper.dll
0x0000000005280000 - 0x0000000005305000 	D:\Program Files\MATLAB\R2012b\bin\win64\libmwlapack.dll
0x0000000072cc0000 - 0x0000000072ce1000 	D:\Program Files\MATLAB\R2012b\bin\win64\m_pcodeio.dll
0x0000000079b10000 - 0x0000000079b77000 	D:\Program Files\MATLAB\R2012b\bin\win64\m_ir.dll
0x000000006d130000 - 0x000000006d7a0000 	D:\Program Files\MATLAB\R2012b\bin\win64\m_parser.dll
0x00000000737c0000 - 0x00000000737da000 	D:\Program Files\MATLAB\R2012b\bin\win64\ir_xfmr.dll
0x000007feec1d0000 - 0x000007feec466000 	D:\Program Files\MATLAB\R2012b\bin\win64\mcos.dll
0x0000000072d90000 - 0x0000000072da1000 	D:\Program Files\MATLAB\R2012b\bin\win64\mtok.dll
0x000000006ff00000 - 0x000000006ff31000 	D:\Program Files\MATLAB\R2012b\bin\win64\m_pcodegen.dll
0x0000000079fb0000 - 0x0000000079fe6000 	D:\Program Files\MATLAB\R2012b\bin\win64\libmwbridge.dll
0x000000006f710000 - 0x000000006f7d8000 	D:\Program Files\MATLAB\R2012b\bin\win64\udd.dll
0x000000006cfd0000 - 0x000000006d122000 	D:\Program Files\MATLAB\R2012b\bin\win64\libmwgui.dll
0x000000006fee0000 - 0x000000006fef7000 	D:\Program Files\MATLAB\R2012b\bin\win64\graphics_util.dll
0x000000006c570000 - 0x000000006cfcf000 	D:\Program Files\MATLAB\R2012b\bin\win64\hg.dll
0x00000000053e0000 - 0x0000000005448000 	D:\Program Files\MATLAB\R2012b\bin\win64\libmat.dll
0x0000000005460000 - 0x0000000005674000 	D:\Program Files\MATLAB\R2012b\bin\win64\hdf5dll.dll
0x0000000075710000 - 0x00000000757de000 	D:\Program Files\MATLAB\R2012b\bin\win64\jmi.dll
0x00000000056a0000 - 0x00000000056ad000 	D:\Program Files\MATLAB\R2012b\bin\win64\nativejava_services.dll
0x000000006fd00000 - 0x000000006fd46000 	D:\Program Files\MATLAB\R2012b\bin\win64\libmwhardcopy.dll
0x000000006e3b0000 - 0x000000006e413000 	D:\Program Files\MATLAB\R2012b\bin\win64\libuij.dll
0x000000006c300000 - 0x000000006c564000 	D:\Program Files\MATLAB\R2012b\bin\win64\hgdatatypes.dll
0x000000006c1e0000 - 0x000000006c2ff000 	D:\Program Files\MATLAB\R2012b\bin\win64\hgutils.dll
0x000000006e2f0000 - 0x000000006e3b0000 	D:\Program Files\MATLAB\R2012b\bin\win64\udd_mi.dll
0x0000000005710000 - 0x000000000574b000 	D:\Program Files\MATLAB\R2012b\bin\win64\libmwgbtutils.dll
0x0000000005760000 - 0x000000000577b000 	D:\Program Files\MATLAB\R2012b\bin\win64\libmwgbt.dll
0x0000000005790000 - 0x0000000005a61000 	D:\Program Files\MATLAB\R2012b\bin\win64\uiw.dll
0x0000000072d80000 - 0x0000000072d8f000 	D:\Program Files\MATLAB\R2012b\bin\win64\uinone.dll
0x0000000005a90000 - 0x0000000005ab9000 	D:\Program Files\MATLAB\R2012b\bin\win64\libmwnativefiledialogs.dll
0x0000000005ad0000 - 0x0000000005ad8000 	D:\Program Files\MATLAB\R2012b\bin\win64\libmwplatform_res.dll
0x000007fef80e0000 - 0x000007fef80f8000 	C:\Windows\system32\MPR.dll
0x000000005b5b0000 - 0x000000005ba94000 	C:\Windows\WinSxS\amd64_microsoft.vc90.mfc_1fc8b3b9a1e18e3b_9.0.30729.6161_none_044aad0bab1eb146\mfc90.dll
0x000007fefa810000 - 0x000007fefa817000 	C:\Windows\system32\MSIMG32.dll
0x000007fef9350000 - 0x000007fef93c1000 	C:\Windows\system32\WINSPOOL.DRV
0x000000006fcd0000 - 0x000000006fcf2000 	D:\Program Files\MATLAB\R2012b\bin\win64\mwoles05.DLL
0x000000006d9a0000 - 0x000000006da1d000 	D:\Program Files\MATLAB\R2012b\bin\win64\comcli.dll
0x000000006fa50000 - 0x000000006fa7f000 	C:\Windows\WinSxS\amd64_microsoft.vc90.atl_1fc8b3b9a1e18e3b_9.0.30729.6161_none_0a1fd3a3a768b895\ATL90.DLL
0x0000000073400000 - 0x000000007340c000 	D:\Program Files\MATLAB\R2012b\bin\win64\mlautoregister.dll
0x000007fefe490000 - 0x000007fefe4be000 	C:\Windows\system32\IMM32.DLL
0x000007fefec90000 - 0x000007fefed99000 	C:\Windows\system32\MSCTF.dll
0x000007fefb180000 - 0x000007fefb1d6000 	C:\Windows\system32\UxTheme.dll
0x000007fefa6c0000 - 0x000007fefa6d8000 	C:\Windows\system32\dwmapi.dll
0x0000000072cb0000 - 0x0000000072cb9000 	C:\Windows\WinSxS\amd64_microsoft.vc90.mfcloc_1fc8b3b9a1e18e3b_9.0.30729.6161_none_01c9581e60cbee58\MFC90CHS.DLL
0x0000000078870000 - 0x0000000078ecd000 	D:\Program Files\MATLAB\R2012b\sys\java\jre\win64\jre\bin\server\jvm.dll
0x000007fefa3f0000 - 0x000007fefa42b000 	C:\Windows\system32\WINMM.dll
0x000007fefcb60000 - 0x000007fefcb6f000 	C:\Windows\system32\profapi.dll
0x000007fefa2b0000 - 0x000007fefa2c5000 	C:\Windows\system32\NLAapi.dll
0x000007fef0740000 - 0x000007fef0755000 	C:\Windows\system32\napinsp.dll
0x000007fef0720000 - 0x000007fef0739000 	C:\Windows\system32\pnrpnsp.dll
0x000007fefc300000 - 0x000007fefc355000 	C:\Windows\System32\mswsock.dll
0x000007fefc180000 - 0x000007fefc1db000 	C:\Windows\system32\DNSAPI.dll
0x000007fef55a0000 - 0x000007fef55ab000 	C:\Windows\System32\winrnr.dll
0x000007fefc930000 - 0x000007fefc955000 	C:\Windows\system32\SspiCli.dll

VM Arguments:
jvm_args: -Xss512k -XX:PermSize=32m -Xms64m -XX:NewRatio=3 -XX:MaxPermSize=128m -Xmx196m -XX:MaxDirectMemorySize=2147400000 -Dsun.java2d.noddraw=true -Dsun.awt.nopixfmt=true -Xshare:off -Xrs -Dsun.awt.disableMixing=true -Djava.library.path=D:\Program Files\MATLAB\R2012b\bin\win64;D:\Program Files\MATLAB\R2012b\sys\jxbrowser\win64\lib vfprintf abort -Duser.language=en -Duser.country=US 
java_command: <unknown>
Launcher Type: generic

Environment Variables:
JAVA_HOME=C:\Program Files\Java\jdk1.8.0_05
CLASSPATH=.;C:\Program Files\Java\jdk1.8.0_05\lib;C:\Program Files\Java\jdk1.8.0_05\lib\tools.jar;
PATH=C:\Program Files (x86)\NVIDIA Corporation\PhysX\Common;C:\Windows\system32;C:\Windows;C:\Windows\System32\Wbem;C:\Windows\System32\WindowsPowerShell\v1.0\;D:\Program Files\MATLAB\R2012b\runtime\win64;D:\Program Files\MATLAB\R2012b\bin;C:\Program Files (x86)\Microsoft SQL Server\100\Tools\Binn\;C:\Program Files\Microsoft SQL Server\100\Tools\Binn\;C:\Program Files\Microsoft SQL Server\100\DTS\Binn\;C:\Program Files\Java\jdk1.8.0_05\bin;C:\Program Files\Java\jdk1.8.0_05\jre\bin
USERNAME=dai_wq
OS=Windows_NT
PROCESSOR_IDENTIFIER=Intel64 Family 6 Model 42 Stepping 7, GenuineIntel



---------------  S Y S T E M  ---------------

OS: Windows 7 Build 7601 Service Pack 1

CPU:total 4 (8 cores per cpu, 2 threads per core) family 6 model 42 stepping 7, cmov, cx8, fxsr, mmx, sse, sse2, sse3, ssse3, sse4.1, sse4.2, ht

Memory: 4k page, physical 4116048k(2435724k free), swap 13330184k(8848400k free)

vm_info: Java HotSpot(TM) 64-Bit Server VM (14.3-b01) for windows-amd64 JRE (1.6.0_17-b04), built on Oct 11 2009 00:46:08 by "java_re" with MS VC++ 8.0

time: Tue Aug 26 22:12:00 2014
elapsed time: 16802 seconds

